c:\users\msi\desktop\sheep_storage\엄마양어디양\debug\vc140.pdb
c:\users\msi\desktop\sheep_storage\엄마양어디양\debug\vc140.idb
c:\users\msi\desktop\sheep_storage\엄마양어디양\debug\black_sheep.obj
c:\users\msi\desktop\sheep_storage\엄마양어디양\debug\box.obj
c:\users\msi\desktop\sheep_storage\엄마양어디양\debug\camera.obj
c:\users\msi\desktop\sheep_storage\엄마양어디양\debug\ground.obj
c:\users\msi\desktop\sheep_storage\엄마양어디양\debug\hay.obj
c:\users\msi\desktop\sheep_storage\엄마양어디양\debug\main.obj
c:\users\msi\desktop\sheep_storage\엄마양어디양\debug\mothersheep.obj
c:\users\msi\desktop\sheep_storage\엄마양어디양\debug\network.obj
c:\users\msi\desktop\sheep_storage\엄마양어디양\debug\objects.obj
c:\users\msi\desktop\sheep_storage\엄마양어디양\debug\player.obj
c:\users\msi\desktop\sheep_storage\엄마양어디양\debug\pumkin.obj
c:\users\msi\desktop\sheep_storage\엄마양어디양\debug\scissors.obj
c:\users\msi\desktop\sheep_storage\엄마양어디양\debug\sheep.obj
c:\users\msi\desktop\sheep_storage\엄마양어디양\debug\stdafx.obj
c:\users\msi\desktop\sheep_storage\엄마양어디양\debug\ui.obj
c:\users\msi\desktop\sheep_storage\엄마양어디양\debug\엄마양어디양_최종.ilk
c:\users\msi\desktop\sheep_storage\엄마양어디양\debug\엄마양어디양_최종.exe
c:\users\msi\desktop\sheep_storage\엄마양어디양\debug\엄마양어디양_최종.pdb
c:\users\msi\desktop\sheep_storage\엄마양어디양\debug\엄마양어디양_최종.res
c:\users\msi\desktop\sheep_storage\엄마양어디양\debug\엄마양어디양_최종.tlog\cl.command.1.tlog
c:\users\msi\desktop\sheep_storage\엄마양어디양\debug\엄마양어디양_최종.tlog\cl.read.1.tlog
c:\users\msi\desktop\sheep_storage\엄마양어디양\debug\엄마양어디양_최종.tlog\cl.write.1.tlog
c:\users\msi\desktop\sheep_storage\엄마양어디양\debug\엄마양어디양_최종.tlog\link.command.1.tlog
c:\users\msi\desktop\sheep_storage\엄마양어디양\debug\엄마양어디양_최종.tlog\link.read.1.tlog
c:\users\msi\desktop\sheep_storage\엄마양어디양\debug\엄마양어디양_최종.tlog\link.write.1.tlog
c:\users\msi\desktop\sheep_storage\엄마양어디양\debug\엄마양어디양_최종.tlog\rc.command.1.tlog
c:\users\msi\desktop\sheep_storage\엄마양어디양\debug\엄마양어디양_최종.tlog\rc.read.1.tlog
c:\users\msi\desktop\sheep_storage\엄마양어디양\debug\엄마양어디양_최종.tlog\rc.write.1.tlog
