빌드 시작: 2016-09-30 오후 1:04:58
     1>2 노드의 "D:\3_2\넷겜플\텀프로젝트\엄마양어디양_1.1_프로젝트파일\엄마양어디양_최종.vcxproj" 프로젝트(Build 대상)입니다.
     1>ClCompile:
         C:\Program Files (x86)\Microsoft Visual Studio 14.0\VC\bin\CL.exe /c /Zi /nologo /W3 /WX- /O2 /Oi /Oy- /GL /D WIN32 /D NDEBUG /D _CONSOLE /D _UNICODE /D UNICODE /Gm- /EHsc /MT /GS /Gy /fp:precise /Zc:wchar_t /Zc:forScope /Zc:inline /Fo"Release\\" /Fd"Release\vc140.pdb" /Gd /TP /analyze- /errorReport:prompt Network.cpp Objects.cpp Player.cpp main.cpp stdafx.cpp
         Network.cpp
     1>Network.cpp(48): warning C4996: 'strcpy': This function or variable may be unsafe. Consider using strcpy_s instead. To disable deprecation, use _CRT_SECURE_NO_WARNINGS. See online help for details.
         C:\Program Files (x86)\Windows Kits\10\Include\10.0.10150.0\ucrt\string.h(119): note: 'strcpy' 선언을 참조하십시오.
     1>Network.cpp(65): warning C4996: 'inet_addr': Use inet_pton() or InetPton() instead or define _WINSOCK_DEPRECATED_NO_WARNINGS to disable deprecated API warnings
         C:\Program Files (x86)\Windows Kits\8.1\Include\um\WinSock2.h(1850): note: 'inet_addr' 선언을 참조하십시오.
         Objects.cpp
         Player.cpp
         main.cpp
     1>main.cpp(596): warning C4996: 'fopen': This function or variable may be unsafe. Consider using fopen_s instead. To disable deprecation, use _CRT_SECURE_NO_WARNINGS. See online help for details.
         C:\Program Files (x86)\Windows Kits\10\Include\10.0.10150.0\ucrt\stdio.h(205): note: 'fopen' 선언을 참조하십시오.
         stdafx.cpp
       Link:
         C:\Program Files (x86)\Microsoft Visual Studio 14.0\VC\bin\link.exe /ERRORREPORT:PROMPT /OUT:"D:\3_2\넷겜플\텀프로젝트\엄마양어디양_1.1_프로젝트파일\Release\엄마양어디양_최종.exe" /INCREMENTAL:NO /NOLOGO d3d11.lib d3dx11.lib d3dx11d.lib d3dcompiler.lib d3dx9.lib d3dx9d.lib dxerr.lib dxguid.lib dxgi.lib winmm.lib dinput8.lib XInput.lib dsound.lib X3DAudio.lib kernel32.lib user32.lib gdi32.lib winspool.lib comdlg32.lib advapi32.lib shell32.lib ole32.lib oleaut32.lib uuid.lib odbc32.lib odbccp32.lib /MANIFEST /MANIFESTUAC:"level='asInvoker' uiAccess='false'" /manifest:embed /Debug /PDB:"D:\3_2\넷겜플\텀프로젝트\엄마양어디양_1.1_프로젝트파일\Release\엄마양어디양_최종.pdb" /SUBSYSTEM:CONSOLE /OPT:REF /OPT:ICF /LTCG:incremental /TLBID:1 /DYNAMICBASE /NXCOMPAT /IMPLIB:"D:\3_2\넷겜플\텀프로젝트\엄마양어디양_1.1_프로젝트파일\Release\엄마양어디양_최종.lib" /MACHINE:X86 /SAFESEH:NO "Release\엄마양어디양_최종.res"
         Release\main.obj
         Release\Network.obj
         Release\Objects.obj
         Release\Player.obj
         Release\stdafx.obj
         코드를 생성하고 있습니다.
         3 of 661 functions ( 0.5%) were compiled, the rest were copied from previous compilation.
           0 functions were new in current compilation
           1 functions had inline decision re-evaluated but remain unchanged
         코드를 생성했습니다.
         엄마양어디양_최종.vcxproj -> D:\3_2\넷겜플\텀프로젝트\엄마양어디양_1.1_프로젝트파일\Release\엄마양어디양_최종.exe
     1>"D:\3_2\넷겜플\텀프로젝트\엄마양어디양_1.1_프로젝트파일\엄마양어디양_최종.vcxproj" 프로젝트를 빌드했습니다(Build 대상).

빌드했습니다.

경과 시간: 00:00:04.70
