빌드 시작: 2016-09-30 오후 12:52:04
     1>2 노드의 "D:\3_2\넷겜플\텀프로젝트\IOCP\IOCP.vcxproj" 프로젝트(Build 대상)입니다.
     1>ClCompile:
         C:\Program Files (x86)\Microsoft Visual Studio 14.0\VC\bin\CL.exe /c /Zi /nologo /W3 /WX- /sdl- /O2 /Oi /Oy- /GL /D WIN32 /D NDEBUG /D _CONSOLE /D _MBCS /Gm- /EHsc /MD /GS /Gy /fp:precise /Zc:wchar_t /Zc:forScope /Zc:inline /Fo"Release\\" /Fd"Release\vc140.pdb" /Gd /TP /analyze- /errorReport:prompt Network.cpp Objects.cpp main.cpp
         Network.cpp
     1>Network.cpp(80): warning C4996: 'gethostbyname': Use getaddrinfo() or GetAddrInfoW() instead or define _WINSOCK_DEPRECATED_NO_WARNINGS to disable deprecated API warnings
         C:\Program Files (x86)\Windows Kits\8.1\Include\um\WinSock2.h(2238): note: 'gethostbyname' 선언을 참조하십시오.
     1>Network.cpp(84): warning C4996: 'inet_ntoa': Use inet_ntop() or InetNtop() instead or define _WINSOCK_DEPRECATED_NO_WARNINGS to disable deprecated API warnings
         C:\Program Files (x86)\Windows Kits\8.1\Include\um\WinSock2.h(1868): note: 'inet_ntoa' 선언을 참조하십시오.
     1>Network.cpp(92): warning C4996: 'WSASocketA': Use WSASocketW() instead or define _WINSOCK_DEPRECATED_NO_WARNINGS to disable deprecated API warnings
         C:\Program Files (x86)\Windows Kits\8.1\Include\um\WinSock2.h(3457): note: 'WSASocketA' 선언을 참조하십시오.
     1>Network.cpp(553): warning C4244: '인수': 'int'에서 'float'(으)로 변환하면서 데이터가 손실될 수 있습니다.
     1>Network.cpp(556): warning C4244: '인수': 'int'에서 'float'(으)로 변환하면서 데이터가 손실될 수 있습니다.
     1>Network.cpp(560): warning C4244: '인수': 'int'에서 'float'(으)로 변환하면서 데이터가 손실될 수 있습니다.
     1>Network.cpp(563): warning C4244: '인수': 'int'에서 'float'(으)로 변환하면서 데이터가 손실될 수 있습니다.
     1>Network.cpp(567): warning C4244: '인수': 'int'에서 'float'(으)로 변환하면서 데이터가 손실될 수 있습니다.
     1>Network.cpp(571): warning C4244: '인수': 'int'에서 'float'(으)로 변환하면서 데이터가 손실될 수 있습니다.
     1>Network.cpp(574): warning C4244: '인수': 'int'에서 'float'(으)로 변환하면서 데이터가 손실될 수 있습니다.
     1>Network.cpp(585): warning C4244: '인수': 'float'에서 'int'(으)로 변환하면서 데이터가 손실될 수 있습니다.
     1>Network.cpp(599): warning C4244: '초기화 중': 'clock_t'에서 'float'(으)로 변환하면서 데이터가 손실될 수 있습니다.
     1>Network.cpp(612): warning C4244: '=': 'clock_t'에서 'float'(으)로 변환하면서 데이터가 손실될 수 있습니다.
     1>Network.cpp(710): warning C4477: 'printf' : format string '%s' requires an argument of type 'char *', but variadic argument 2 has type 'LPVOID'
         Objects.cpp
     1>Objects.cpp(55): warning C4244: '초기화 중': 'double'에서 'float'(으)로 변환하면서 데이터가 손실될 수 있습니다.
     1>Objects.cpp(68): warning C4244: '인수': 'int'에서 'float'(으)로 변환하면서 데이터가 손실될 수 있습니다.
     1>Objects.cpp(100): warning C4244: '+=': 'double'에서 'float'(으)로 변환하면서 데이터가 손실될 수 있습니다.
     1>Objects.cpp(100): warning C4244: '-=': 'double'에서 'float'(으)로 변환하면서 데이터가 손실될 수 있습니다.
     1>Objects.cpp(151): warning C4244: '+=': 'float'에서 'int'(으)로 변환하면서 데이터가 손실될 수 있습니다.
     1>Objects.cpp(168): warning C4244: '=': 'double'에서 'float'(으)로 변환하면서 데이터가 손실될 수 있습니다.
     1>Objects.cpp(221): warning C4244: '-=': 'double'에서 'float'(으)로 변환하면서 데이터가 손실될 수 있습니다.
     1>Objects.cpp(242): warning C4244: '초기화 중': 'double'에서 'int'(으)로 변환하면서 데이터가 손실될 수 있습니다.
     1>Objects.cpp(367): warning C4244: '초기화 중': 'float'에서 'int'(으)로 변환하면서 데이터가 손실될 수 있습니다.
     1>Objects.cpp(409): warning C4244: '초기화 중': 'float'에서 'int'(으)로 변환하면서 데이터가 손실될 수 있습니다.
     1>Objects.cpp(453): warning C4244: '초기화 중': 'float'에서 'int'(으)로 변환하면서 데이터가 손실될 수 있습니다.
     1>Objects.cpp(456): warning C4244: '=': 'int'에서 'float'(으)로 변환하면서 데이터가 손실될 수 있습니다.
     1>Objects.cpp(477): warning C4244: '-=': 'double'에서 'float'(으)로 변환하면서 데이터가 손실될 수 있습니다.
     1>Objects.cpp(501): warning C4244: '초기화 중': 'double'에서 'int'(으)로 변환하면서 데이터가 손실될 수 있습니다.
     1>Objects.cpp(504): warning C4244: '=': 'int'에서 'float'(으)로 변환하면서 데이터가 손실될 수 있습니다.
     1>Objects.cpp(701): warning C4305: '=': 'double'에서 'float'(으)로 잘립니다.
     1>Objects.cpp(712): warning C4244: '+=': 'float'에서 'int'(으)로 변환하면서 데이터가 손실될 수 있습니다.
     1>Objects.cpp(840): warning C4244: '인수': 'int'에서 'float'(으)로 변환하면서 데이터가 손실될 수 있습니다.
     1>Objects.cpp(856): warning C4244: '초기화 중': 'int'에서 'float'(으)로 변환하면서 데이터가 손실될 수 있습니다.
     1>Objects.cpp(858): warning C4244: '=': 'float'에서 'int'(으)로 변환하면서 데이터가 손실될 수 있습니다.
     1>Objects.cpp(865): warning C4244: '=': 'float'에서 'int'(으)로 변환하면서 데이터가 손실될 수 있습니다.
     1>Objects.cpp(880): warning C4244: '=': 'double'에서 'int'(으)로 변환하면서 데이터가 손실될 수 있습니다.
     1>Objects.cpp(885): warning C4244: '=': 'float'에서 'int'(으)로 변환하면서 데이터가 손실될 수 있습니다.
     1>Objects.cpp(886): warning C4244: '=': 'float'에서 'int'(으)로 변환하면서 데이터가 손실될 수 있습니다.
     1>Objects.cpp(928): warning C4244: '+=': 'float'에서 'int'(으)로 변환하면서 데이터가 손실될 수 있습니다.
     1>Objects.cpp(932): warning C4244: '=': 'double'에서 'int'(으)로 변환하면서 데이터가 손실될 수 있습니다.
     1>Objects.cpp(935): warning C4244: '=': 'float'에서 'int'(으)로 변환하면서 데이터가 손실될 수 있습니다.
     1>Objects.cpp(936): warning C4244: '=': 'float'에서 'int'(으)로 변환하면서 데이터가 손실될 수 있습니다.
         main.cpp
       Link:
         C:\Program Files (x86)\Microsoft Visual Studio 14.0\VC\bin\link.exe /ERRORREPORT:PROMPT /OUT:"D:\3_2\넷겜플\텀프로젝트\IOCP\Release\IOCP.exe" /INCREMENTAL:NO /NOLOGO d3d11.lib d3dx11.lib d3dx11d.lib d3dcompiler.lib d3dx9.lib d3dx9d.lib dxerr.lib dxguid.lib dxgi.lib winmm.lib dinput8.lib XInput.lib dsound.lib X3DAudio.lib kernel32.lib user32.lib gdi32.lib winspool.lib comdlg32.lib advapi32.lib shell32.lib ole32.lib oleaut32.lib uuid.lib odbc32.lib odbccp32.lib /MANIFEST /MANIFESTUAC:"level='asInvoker' uiAccess='false'" /manifest:embed /Debug /PDB:"D:\3_2\넷겜플\텀프로젝트\IOCP\Release\IOCP.pdb" /SUBSYSTEM:CONSOLE /OPT:REF /OPT:ICF /LTCG:incremental /TLBID:1 /DYNAMICBASE /NXCOMPAT /IMPLIB:"D:\3_2\넷겜플\텀프로젝트\IOCP\Release\IOCP.lib" /MACHINE:X86 /SAFESEH Release\main.obj
         Release\Network.obj
         Release\Objects.obj
         Release\stdafx.obj
         코드를 생성하고 있습니다.
         16 of 548 functions ( 2.9%) were compiled, the rest were copied from previous compilation.
           0 functions were new in current compilation
           1 functions had inline decision re-evaluated but remain unchanged
         코드를 생성했습니다.
         IOCP.vcxproj -> D:\3_2\넷겜플\텀프로젝트\IOCP\Release\IOCP.exe
     1>"D:\3_2\넷겜플\텀프로젝트\IOCP\IOCP.vcxproj" 프로젝트를 빌드했습니다(Build 대상).

빌드했습니다.

경과 시간: 00:00:03.08
