c:\users\msi\desktop\sheep_storage\엄마양어디양\release\vc140.pdb
c:\users\msi\desktop\sheep_storage\엄마양어디양\release\ui.obj
c:\users\msi\desktop\sheep_storage\엄마양어디양\release\stdafx.obj
c:\users\msi\desktop\sheep_storage\엄마양어디양\release\sheep.obj
c:\users\msi\desktop\sheep_storage\엄마양어디양\release\scissors.obj
c:\users\msi\desktop\sheep_storage\엄마양어디양\release\pumkin.obj
c:\users\msi\desktop\sheep_storage\엄마양어디양\release\player.obj
c:\users\msi\desktop\sheep_storage\엄마양어디양\release\objects.obj
c:\users\msi\desktop\sheep_storage\엄마양어디양\release\network.obj
c:\users\msi\desktop\sheep_storage\엄마양어디양\release\mothersheep.obj
c:\users\msi\desktop\sheep_storage\엄마양어디양\release\main.obj
c:\users\msi\desktop\sheep_storage\엄마양어디양\release\hay.obj
c:\users\msi\desktop\sheep_storage\엄마양어디양\release\ground.obj
c:\users\msi\desktop\sheep_storage\엄마양어디양\release\camera.obj
c:\users\msi\desktop\sheep_storage\엄마양어디양\release\box.obj
c:\users\msi\desktop\sheep_storage\엄마양어디양\release\black_sheep.obj
c:\users\msi\desktop\sheep_storage\엄마양어디양\release\엄마양어디양_최종.exe
c:\users\msi\desktop\sheep_storage\엄마양어디양\release\엄마양어디양_최종.ipdb
c:\users\msi\desktop\sheep_storage\엄마양어디양\release\엄마양어디양_최종.iobj
c:\users\msi\desktop\sheep_storage\엄마양어디양\release\엄마양어디양_최종.pdb
c:\users\msi\desktop\sheep_storage\엄마양어디양\release\엄마양어디양_최종.res
c:\users\msi\desktop\sheep_storage\엄마양어디양\release\엄마양어디양_최종.tlog\cl.command.1.tlog
c:\users\msi\desktop\sheep_storage\엄마양어디양\release\엄마양어디양_최종.tlog\cl.read.1.tlog
c:\users\msi\desktop\sheep_storage\엄마양어디양\release\엄마양어디양_최종.tlog\cl.write.1.tlog
c:\users\msi\desktop\sheep_storage\엄마양어디양\release\엄마양어디양_최종.tlog\link.command.1.tlog
c:\users\msi\desktop\sheep_storage\엄마양어디양\release\엄마양어디양_최종.tlog\link.read.1.tlog
c:\users\msi\desktop\sheep_storage\엄마양어디양\release\엄마양어디양_최종.tlog\link.write.1.tlog
c:\users\msi\desktop\sheep_storage\엄마양어디양\release\엄마양어디양_최종.tlog\rc.command.1.tlog
c:\users\msi\desktop\sheep_storage\엄마양어디양\release\엄마양어디양_최종.tlog\rc.read.1.tlog
c:\users\msi\desktop\sheep_storage\엄마양어디양\release\엄마양어디양_최종.tlog\rc.write.1.tlog
