빌드 시작: 2016-09-30 오후 2:07:27
     1>2 노드의 "D:\3_2\넷겜플\텀프로젝트\IOCP\IOCP.vcxproj" 프로젝트(Build 대상)입니다.
     1>ClCompile:
         C:\Program Files (x86)\Microsoft Visual Studio 14.0\VC\bin\CL.exe /c /ZI /nologo /W3 /WX- /sdl- /Od /Oy- /D WIN32 /D _DEBUG /D _CONSOLE /D _MBCS /Gm /EHsc /RTC1 /MDd /GS /fp:precise /Zc:wchar_t /Zc:forScope /Zc:inline /Fo"Debug\\" /Fd"Debug\vc140.pdb" /Gd /TP /analyze- /errorReport:prompt Objects.cpp
         Objects.cpp
     1>d:\3_2\넷겜플\텀프로젝트\iocp\objects.cpp(55): warning C4244: '초기화 중': 'double'에서 'float'(으)로 변환하면서 데이터가 손실될 수 있습니다.
     1>d:\3_2\넷겜플\텀프로젝트\iocp\objects.cpp(68): warning C4244: '인수': 'int'에서 'float'(으)로 변환하면서 데이터가 손실될 수 있습니다.
     1>d:\3_2\넷겜플\텀프로젝트\iocp\objects.cpp(100): warning C4244: '+=': 'double'에서 'float'(으)로 변환하면서 데이터가 손실될 수 있습니다.
     1>d:\3_2\넷겜플\텀프로젝트\iocp\objects.cpp(100): warning C4244: '-=': 'double'에서 'float'(으)로 변환하면서 데이터가 손실될 수 있습니다.
     1>d:\3_2\넷겜플\텀프로젝트\iocp\objects.cpp(151): warning C4244: '+=': 'float'에서 'int'(으)로 변환하면서 데이터가 손실될 수 있습니다.
     1>d:\3_2\넷겜플\텀프로젝트\iocp\objects.cpp(168): warning C4244: '=': 'double'에서 'float'(으)로 변환하면서 데이터가 손실될 수 있습니다.
     1>d:\3_2\넷겜플\텀프로젝트\iocp\objects.cpp(221): warning C4244: '-=': 'double'에서 'float'(으)로 변환하면서 데이터가 손실될 수 있습니다.
     1>d:\3_2\넷겜플\텀프로젝트\iocp\objects.cpp(242): warning C4244: '초기화 중': 'double'에서 'int'(으)로 변환하면서 데이터가 손실될 수 있습니다.
     1>d:\3_2\넷겜플\텀프로젝트\iocp\objects.cpp(367): warning C4244: '초기화 중': 'float'에서 'int'(으)로 변환하면서 데이터가 손실될 수 있습니다.
     1>d:\3_2\넷겜플\텀프로젝트\iocp\objects.cpp(409): warning C4244: '초기화 중': 'float'에서 'int'(으)로 변환하면서 데이터가 손실될 수 있습니다.
     1>d:\3_2\넷겜플\텀프로젝트\iocp\objects.cpp(453): warning C4244: '초기화 중': 'float'에서 'int'(으)로 변환하면서 데이터가 손실될 수 있습니다.
     1>d:\3_2\넷겜플\텀프로젝트\iocp\objects.cpp(456): warning C4244: '=': 'int'에서 'float'(으)로 변환하면서 데이터가 손실될 수 있습니다.
     1>d:\3_2\넷겜플\텀프로젝트\iocp\objects.cpp(477): warning C4244: '-=': 'double'에서 'float'(으)로 변환하면서 데이터가 손실될 수 있습니다.
     1>d:\3_2\넷겜플\텀프로젝트\iocp\objects.cpp(501): warning C4244: '초기화 중': 'double'에서 'int'(으)로 변환하면서 데이터가 손실될 수 있습니다.
     1>d:\3_2\넷겜플\텀프로젝트\iocp\objects.cpp(504): warning C4244: '=': 'int'에서 'float'(으)로 변환하면서 데이터가 손실될 수 있습니다.
     1>d:\3_2\넷겜플\텀프로젝트\iocp\objects.cpp(701): warning C4305: '=': 'double'에서 'float'(으)로 잘립니다.
     1>d:\3_2\넷겜플\텀프로젝트\iocp\objects.cpp(712): warning C4244: '+=': 'float'에서 'int'(으)로 변환하면서 데이터가 손실될 수 있습니다.
     1>d:\3_2\넷겜플\텀프로젝트\iocp\objects.cpp(840): warning C4244: '인수': 'int'에서 'float'(으)로 변환하면서 데이터가 손실될 수 있습니다.
     1>d:\3_2\넷겜플\텀프로젝트\iocp\objects.cpp(856): warning C4244: '초기화 중': 'int'에서 'float'(으)로 변환하면서 데이터가 손실될 수 있습니다.
     1>d:\3_2\넷겜플\텀프로젝트\iocp\objects.cpp(858): warning C4244: '=': 'float'에서 'int'(으)로 변환하면서 데이터가 손실될 수 있습니다.
     1>d:\3_2\넷겜플\텀프로젝트\iocp\objects.cpp(865): warning C4244: '=': 'float'에서 'int'(으)로 변환하면서 데이터가 손실될 수 있습니다.
     1>d:\3_2\넷겜플\텀프로젝트\iocp\objects.cpp(880): warning C4244: '=': 'double'에서 'int'(으)로 변환하면서 데이터가 손실될 수 있습니다.
     1>d:\3_2\넷겜플\텀프로젝트\iocp\objects.cpp(885): warning C4244: '=': 'float'에서 'int'(으)로 변환하면서 데이터가 손실될 수 있습니다.
     1>d:\3_2\넷겜플\텀프로젝트\iocp\objects.cpp(886): warning C4244: '=': 'float'에서 'int'(으)로 변환하면서 데이터가 손실될 수 있습니다.
     1>d:\3_2\넷겜플\텀프로젝트\iocp\objects.cpp(928): warning C4244: '+=': 'float'에서 'int'(으)로 변환하면서 데이터가 손실될 수 있습니다.
     1>d:\3_2\넷겜플\텀프로젝트\iocp\objects.cpp(932): warning C4244: '=': 'double'에서 'int'(으)로 변환하면서 데이터가 손실될 수 있습니다.
     1>d:\3_2\넷겜플\텀프로젝트\iocp\objects.cpp(935): warning C4244: '=': 'float'에서 'int'(으)로 변환하면서 데이터가 손실될 수 있습니다.
     1>d:\3_2\넷겜플\텀프로젝트\iocp\objects.cpp(936): warning C4244: '=': 'float'에서 'int'(으)로 변환하면서 데이터가 손실될 수 있습니다.
       Link:
         C:\Program Files (x86)\Microsoft Visual Studio 14.0\VC\bin\link.exe /ERRORREPORT:PROMPT /OUT:"D:\3_2\넷겜플\텀프로젝트\IOCP\Debug\IOCP.exe" /INCREMENTAL /NOLOGO d3d11.lib d3dx11.lib d3dx11d.lib d3dcompiler.lib d3dx9.lib d3dx9d.lib dxerr.lib dxguid.lib dxgi.lib winmm.lib dinput8.lib XInput.lib dsound.lib X3DAudio.lib kernel32.lib user32.lib gdi32.lib winspool.lib comdlg32.lib advapi32.lib shell32.lib ole32.lib oleaut32.lib uuid.lib odbc32.lib odbccp32.lib /MANIFEST /MANIFESTUAC:"level='asInvoker' uiAccess='false'" /manifest:embed /Debug /PDB:"D:\3_2\넷겜플\텀프로젝트\IOCP\Debug\IOCP.pdb" /SUBSYSTEM:CONSOLE /TLBID:1 /DYNAMICBASE /NXCOMPAT /IMPLIB:"D:\3_2\넷겜플\텀프로젝트\IOCP\Debug\IOCP.lib" /MACHINE:X86 Debug\main.obj
         Debug\Network.obj
         Debug\Objects.obj
         Debug\stdafx.obj
         IOCP.vcxproj -> D:\3_2\넷겜플\텀프로젝트\IOCP\Debug\IOCP.exe
     1>"D:\3_2\넷겜플\텀프로젝트\IOCP\IOCP.vcxproj" 프로젝트를 빌드했습니다(Build 대상).

빌드했습니다.

경과 시간: 00:00:01.23
